c:\users\yossa\source\repos\operatingsystemsproject_1\project_1_os\x64\debug\vc143.pdb
c:\users\yossa\source\repos\operatingsystemsproject_1\project_1_os\x64\debug\vc143.idb
c:\users\yossa\source\repos\operatingsystemsproject_1\project_1_os\x64\debug\project_1_os.obj
c:\users\yossa\source\repos\operatingsystemsproject_1\project_1_os\x64\debug\matchstring.obj
c:\users\yossa\source\repos\operatingsystemsproject_1\project_1_os\x64\debug\dictionary.obj
c:\users\yossa\source\repos\operatingsystemsproject_1\x64\debug\project_1_os.exe
c:\users\yossa\source\repos\operatingsystemsproject_1\project_1_os\x64\debug\project_1_os.ilk
c:\users\yossa\source\repos\operatingsystemsproject_1\x64\debug\project_1_os.pdb
c:\users\yossa\source\repos\canticleforleibowitz\operatingsystemsproject1\project_1_os\x64\debug\dictionary.obj
c:\users\yossa\source\repos\canticleforleibowitz\operatingsystemsproject1\project_1_os\x64\debug\matchstring.obj
c:\users\yossa\source\repos\canticleforleibowitz\operatingsystemsproject1\project_1_os\x64\debug\project_1_os.obj
c:\users\yossa\source\repos\canticleforleibowitz\operatingsystemsproject1\project_1_os\x64\debug\project_1_os.ilk
c:\users\yossa\source\repos\canticleforleibowitz\operatingsystemsproject1\project_1_os\x64\debug\vc143.idb
c:\users\yossa\source\repos\canticleforleibowitz\operatingsystemsproject1\project_1_os\x64\debug\vc143.pdb
c:\users\yossa\source\repos\canticleforleibowitz\operatingsystemsproject1\x64\debug\project_1_os.pdb
c:\users\yossa\source\repos\canticleforleibowitz\operatingsystemsproject1\x64\debug\project_1_os.exe
c:\users\yossa\source\repos\canticleforleibowitz\operatingsystemsproject1\project_1_os\x64\debug\project_1_os.tlog\cl.command.1.tlog
c:\users\yossa\source\repos\canticleforleibowitz\operatingsystemsproject1\project_1_os\x64\debug\project_1_os.tlog\cl.items.tlog
c:\users\yossa\source\repos\canticleforleibowitz\operatingsystemsproject1\project_1_os\x64\debug\project_1_os.tlog\cl.read.1.tlog
c:\users\yossa\source\repos\canticleforleibowitz\operatingsystemsproject1\project_1_os\x64\debug\project_1_os.tlog\cl.write.1.tlog
c:\users\yossa\source\repos\canticleforleibowitz\operatingsystemsproject1\project_1_os\x64\debug\project_1_os.tlog\link.command.1.tlog
c:\users\yossa\source\repos\canticleforleibowitz\operatingsystemsproject1\project_1_os\x64\debug\project_1_os.tlog\link.read.1.tlog
c:\users\yossa\source\repos\canticleforleibowitz\operatingsystemsproject1\project_1_os\x64\debug\project_1_os.tlog\link.write.1.tlog
